<?xml version="1.0" encoding="UTF-8"?>
<testng-results skipped="0" failed="0" ignored="0" total="1" passed="1">
  <reporter-output>
  </reporter-output>
  <suite name="Default suite" duration-ms="1624" started-at="2020-05-15T18:13:06 IST" finished-at="2020-05-15T18:13:07 IST">
    <groups>
    </groups>
    <test name="Default test" duration-ms="1624" started-at="2020-05-15T18:13:06 IST" finished-at="2020-05-15T18:13:07 IST">
      <class name="studentApiTest.PostAPITests">
        <test-method status="PASS" signature="baseTest()[pri:0, instance:studentApiTest.PostAPITests@3712b94]" name="baseTest" is-config="true" duration-ms="264" started-at="2020-05-15T18:13:06 IST" finished-at="2020-05-15T18:13:06 IST">
          <reporter-output>
          </reporter-output>
        </test-method> <!-- baseTest -->
        <test-method status="PASS" signature="validPostAPITest()[pri:0, instance:studentApiTest.PostAPITests@3712b94]" name="validPostAPITest" duration-ms="1168" started-at="2020-05-15T18:13:06 IST" finished-at="2020-05-15T18:13:07 IST">
          <reporter-output>
          </reporter-output>
        </test-method> <!-- validPostAPITest -->
      </class> <!-- studentApiTest.PostAPITests -->
    </test> <!-- Default test -->
  </suite> <!-- Default suite -->
</testng-results>
